Determining if the pthread_create exist failed with the following output:
Change Dir: /home/debian/exploringbb/library/build/CMakeFiles/CMakeTmp

Run Build Command:"/usr/bin/make" "cmTC_3a70d/fast"
/usr/bin/make -f CMakeFiles/cmTC_3a70d.dir/build.make CMakeFiles/cmTC_3a70d.dir/build
make[1]: Entering directory '/home/debian/exploringbb/library/build/CMakeFiles/CMakeTmp'
Building C object CMakeFiles/cmTC_3a70d.dir/CheckSymbolExists.c.o
/usr/bin/cc     -o CMakeFiles/cmTC_3a70d.dir/CheckSymbolExists.c.o   -c /home/debian/exploringbb/library/build/CMakeFiles/CMakeTmp/CheckSymbolExists.c
Linking C executable cmTC_3a70d
/usr/bin/cmake -E cmake_link_script CMakeFiles/cmTC_3a70d.dir/link.txt --verbose=1
/usr/bin/cc       CMakeFiles/cmTC_3a70d.dir/CheckSymbolExists.c.o  -o cmTC_3a70d -rdynamic 
CMakeFiles/cmTC_3a70d.dir/CheckSymbolExists.c.o: In function `main':
CheckSymbolExists.c:(.text+0x2c): undefined reference to `pthread_create'
collect2: error: ld returned 1 exit status
CMakeFiles/cmTC_3a70d.dir/build.make:97: recipe for target 'cmTC_3a70d' failed
make[1]: *** [cmTC_3a70d] Error 1
make[1]: Leaving directory '/home/debian/exploringbb/library/build/CMakeFiles/CMakeTmp'
Makefile:126: recipe for target 'cmTC_3a70d/fast' failed
make: *** [cmTC_3a70d/fast] Error 2

File /home/debian/exploringbb/library/build/CMakeFiles/CMakeTmp/CheckSymbolExists.c:
/* */
#include <pthread.h>

int main(int argc, char** argv)
{
  (void)argv;
#ifndef pthread_create
  return ((int*)(&pthread_create))[argc];
#else
  (void)argc;
  return 0;
#endif
}

Determining if the function pthread_create exists in the pthreads failed with the following output:
Change Dir: /home/debian/exploringbb/library/build/CMakeFiles/CMakeTmp

Run Build Command:"/usr/bin/make" "cmTC_f956b/fast"
/usr/bin/make -f CMakeFiles/cmTC_f956b.dir/build.make CMakeFiles/cmTC_f956b.dir/build
make[1]: Entering directory '/home/debian/exploringbb/library/build/CMakeFiles/CMakeTmp'
Building C object CMakeFiles/cmTC_f956b.dir/CheckFunctionExists.c.o
/usr/bin/cc    -DCHECK_FUNCTION_EXISTS=pthread_create   -o CMakeFiles/cmTC_f956b.dir/CheckFunctionExists.c.o   -c /usr/share/cmake-3.7/Modules/CheckFunctionExists.c
Linking C executable cmTC_f956b
/usr/bin/cmake -E cmake_link_script CMakeFiles/cmTC_f956b.dir/link.txt --verbose=1
/usr/bin/cc   -DCHECK_FUNCTION_EXISTS=pthread_create    CMakeFiles/cmTC_f956b.dir/CheckFunctionExists.c.o  -o cmTC_f956b -rdynamic -lpthreads 
/usr/bin/ld: cannot find -lpthreads
collect2: error: ld returned 1 exit status
CMakeFiles/cmTC_f956b.dir/build.make:97: recipe for target 'cmTC_f956b' failed
make[1]: *** [cmTC_f956b] Error 1
make[1]: Leaving directory '/home/debian/exploringbb/library/build/CMakeFiles/CMakeTmp'
Makefile:126: recipe for target 'cmTC_f956b/fast' failed
make: *** [cmTC_f956b/fast] Error 2


